<?xml version="1.0" encoding="UTF-8"?>
<!-- Generated by org.testng.reporters.JUnitReportReporter -->
<testsuite hostname="DipaliV-lpt" failures="0" tests="13" name="com.PRMSTool.Tests.ProjectResourceScreenTest" time="129.548" errors="0" timestamp="2021-03-09T11:19:11 IST" skipped="0">
  <testcase classname="com.PRMSTool.Tests.ProjectResourceScreenTest" name="verifyLogin" time="3.986"/>
  <system-out/>
  <testcase classname="com.PRMSTool.Tests.ProjectResourceScreenTest" name="verifyclickOnProjectResource" time="1.111"/>
  <system-out/>
  <testcase classname="com.PRMSTool.Tests.ProjectResourceScreenTest" name="verifyclickOnAddNew" time="5.568"/>
  <system-out/>
  <testcase classname="com.PRMSTool.Tests.ProjectResourceScreenTest" name="verifyaddProjectResourceDetails" time="36.990"/>
  <system-out/>
  <testcase classname="com.PRMSTool.Tests.ProjectResourceScreenTest" name="verifyselectStartDate" time="2.809"/>
  <system-out/>
  <testcase classname="com.PRMSTool.Tests.ProjectResourceScreenTest" name="verifyselectEndDate" time="2.800"/>
  <system-out/>
  <testcase classname="com.PRMSTool.Tests.ProjectResourceScreenTest" name="verifyclickOnAdd" time="0.095"/>
  <system-out/>
  <testcase classname="com.PRMSTool.Tests.ProjectResourceScreenTest" name="verifysearch" time="24.934"/>
  <system-out/>
  <testcase classname="com.PRMSTool.Tests.ProjectResourceScreenTest" name="verifyclickOnEditButton" time="0.180"/>
  <system-out/>
  <testcase classname="com.PRMSTool.Tests.ProjectResourceScreenTest" name="verifyeditResourceInformation" time="36.690"/>
  <system-out/>
  <testcase classname="com.PRMSTool.Tests.ProjectResourceScreenTest" name="verifyclickOnUpdateButton" time="0.082"/>
  <system-out/>
  <testcase classname="com.PRMSTool.Tests.ProjectResourceScreenTest" name="verifydelete" time="6.174"/>
  <system-out/>
  <testcase classname="com.PRMSTool.Tests.ProjectResourceScreenTest" name="verifydownloadFile" time="8.129"/>
  <system-out/>
</testsuite> <!-- com.PRMSTool.Tests.ProjectResourceScreenTest -->
