<?xml version="1.0" encoding="UTF-8"?>
<!-- Generated by org.testng.reporters.JUnitReportReporter -->
<testsuite hostname="DipaliV-lpt" failures="0" tests="1" name="com.PRMSTool.Tests.LoginTest" time="12.535" errors="0" timestamp="2021-02-18T14:06:54 IST" skipped="0">
  <testcase classname="com.PRMSTool.Tests.LoginTest" name="verifyLogin" time="12.535"/>
  <system-out/>
</testsuite> <!-- com.PRMSTool.Tests.LoginTest -->
