<?xml version="1.0" encoding="UTF-8"?>
<!-- Generated by org.testng.reporters.JUnitReportReporter -->
<testsuite hostname="DipaliV-lpt" failures="0" tests="22" name="com.PRMSTool.Tests.ProjectResourceScreenTest" time="77.838" errors="0" timestamp="2021-04-22T17:45:11 IST" skipped="10">
  <testcase classname="com.PRMSTool.Tests.ProjectResourceScreenTest" name="verifyLogin" time="12.428"/>
  <system-out/>
  <testcase classname="com.PRMSTool.Tests.ProjectResourceScreenTest" name="verifyclickOnProjectResource" time="5.177"/>
  <system-out/>
  <testcase classname="com.PRMSTool.Tests.ProjectResourceScreenTest" name="verifydownloadFile" time="5.344"/>
  <system-out/>
  <testcase classname="com.PRMSTool.Tests.ProjectResourceScreenTest" name="verifydisplayAllStatusList" time="10.601"/>
  <system-out/>
  <testcase classname="com.PRMSTool.Tests.ProjectResourceScreenTest" name="verifydisplayInactiveStatusList" time="5.678"/>
  <system-out/>
  <testcase classname="com.PRMSTool.Tests.ProjectResourceScreenTest" name="verifydisplayActiveStatusList" time="5.582"/>
  <system-out/>
  <testcase classname="com.PRMSTool.Tests.ProjectResourceScreenTest" name="verifydisplayvResourcingBusinessUnit" time="5.481"/>
  <system-out/>
  <testcase classname="com.PRMSTool.Tests.ProjectResourceScreenTest" name="verifydisplayROWBusinessUnit" time="5.482"/>
  <system-out/>
  <testcase classname="com.PRMSTool.Tests.ProjectResourceScreenTest" name="verifydisplayLicenceBusinessUnit" time="5.523"/>
  <system-out/>
  <testcase classname="com.PRMSTool.Tests.ProjectResourceScreenTest" name="verifydisplayPracticesBusinessUnit" time="5.411"/>
  <system-out/>
  <testcase classname="com.PRMSTool.Tests.ProjectResourceScreenTest" name="verifydisplaySafeGuardBusinessUnit" time="5.591"/>
  <system-out/>
  <testcase classname="com.PRMSTool.Tests.ProjectResourceScreenTest" name="verifydisplayAllBusinessUnit" time="5.540"/>
  <system-out/>
  <testcase classname="com.PRMSTool.Tests.ProjectResourceScreenTest" name="verifyclickOnEditButton">
    <skipped/>
  </testcase> <!-- verifyclickOnEditButton -->
  <system-out/>
  <testcase classname="com.PRMSTool.Tests.ProjectResourceScreenTest" name="verifydelete">
    <skipped/>
  </testcase> <!-- verifydelete -->
  <system-out/>
  <testcase classname="com.PRMSTool.Tests.ProjectResourceScreenTest" name="verifysearch">
    <skipped/>
  </testcase> <!-- verifysearch -->
  <system-out/>
  <testcase classname="com.PRMSTool.Tests.ProjectResourceScreenTest" name="verifyaddProjectResourceDetails">
    <skipped/>
  </testcase> <!-- verifyaddProjectResourceDetails -->
  <system-out/>
  <testcase classname="com.PRMSTool.Tests.ProjectResourceScreenTest" name="verifyeditResourceInformation">
    <skipped/>
  </testcase> <!-- verifyeditResourceInformation -->
  <system-out/>
  <testcase classname="com.PRMSTool.Tests.ProjectResourceScreenTest" name="verifyselectEndDate">
    <skipped/>
  </testcase> <!-- verifyselectEndDate -->
  <system-out/>
  <testcase classname="com.PRMSTool.Tests.ProjectResourceScreenTest" name="verifyclickOnAdd">
    <skipped/>
  </testcase> <!-- verifyclickOnAdd -->
  <system-out/>
  <testcase classname="com.PRMSTool.Tests.ProjectResourceScreenTest" name="verifyclickOnUpdateButton">
    <skipped/>
  </testcase> <!-- verifyclickOnUpdateButton -->
  <system-out/>
  <testcase classname="com.PRMSTool.Tests.ProjectResourceScreenTest" name="verifyselectStartDate">
    <skipped/>
  </testcase> <!-- verifyselectStartDate -->
  <system-out/>
  <testcase classname="com.PRMSTool.Tests.ProjectResourceScreenTest" name="verifyclickOnAddNew">
    <skipped/>
  </testcase> <!-- verifyclickOnAddNew -->
  <system-out/>
</testsuite> <!-- com.PRMSTool.Tests.ProjectResourceScreenTest -->
