<?xml version="1.0" encoding="UTF-8"?>
<!-- Generated by org.testng.reporters.JUnitReportReporter -->
<testsuite hostname="DipaliV-lpt" failures="0" tests="25" name="com.PRMSTool.Tests.SalesLeadScreenTest" time="129.355" errors="0" timestamp="2021-12-29T18:42:07 IST" skipped="0">
  <testcase classname="com.PRMSTool.Tests.SalesLeadScreenTest" name="verifyLogin" time="18.539"/>
  <system-out/>
  <testcase classname="com.PRMSTool.Tests.SalesLeadScreenTest" name="verifyclickOnSalesLead" time="5.057"/>
  <system-out/>
  <testcase classname="com.PRMSTool.Tests.SalesLeadScreenTest" name="verifyclickOnAddNew" time="6.068"/>
  <system-out/>
  <testcase classname="com.PRMSTool.Tests.SalesLeadScreenTest" name="verifyaddSalesLeadInformation" time="2.663"/>
  <system-out/>
  <testcase classname="com.PRMSTool.Tests.SalesLeadScreenTest" name="verifyselectLastUpdatedDate" time="5.941"/>
  <system-out/>
  <testcase classname="com.PRMSTool.Tests.SalesLeadScreenTest" name="verifyclickOnCompanyDetails" time="0.156"/>
  <system-out/>
  <testcase classname="com.PRMSTool.Tests.SalesLeadScreenTest" name="verifyaddCompanyDetails" time="1.996"/>
  <system-out/>
  <testcase classname="com.PRMSTool.Tests.SalesLeadScreenTest" name="verifyclickOnOtherDetails" time="0.108"/>
  <system-out/>
  <testcase classname="com.PRMSTool.Tests.SalesLeadScreenTest" name="verifyaddOtherDetails" time="1.444"/>
  <system-out/>
  <testcase classname="com.PRMSTool.Tests.SalesLeadScreenTest" name="verifyselectFUPDate" time="5.872"/>
  <system-out/>
  <testcase classname="com.PRMSTool.Tests.SalesLeadScreenTest" name="verifyselectCalledDate" time="5.819"/>
  <system-out/>
  <testcase classname="com.PRMSTool.Tests.SalesLeadScreenTest" name="verifyclickOnAdd" time="5.085"/>
  <system-out/>
  <testcase classname="com.PRMSTool.Tests.SalesLeadScreenTest" name="verifysearch" time="10.151"/>
  <system-out/>
  <testcase classname="com.PRMSTool.Tests.SalesLeadScreenTest" name="verifyclickOnEditButton" time="0.146"/>
  <system-out/>
  <testcase classname="com.PRMSTool.Tests.SalesLeadScreenTest" name="verifyeditSalesLeadInformation" time="2.679"/>
  <system-out/>
  <testcase classname="com.PRMSTool.Tests.SalesLeadScreenTest" name="verifyeditLastUpdatedDate" time="5.899"/>
  <system-out/>
  <testcase classname="com.PRMSTool.Tests.SalesLeadScreenTest" name="verifyeditCompanyDetails" time="2.264"/>
  <system-out/>
  <testcase classname="com.PRMSTool.Tests.SalesLeadScreenTest" name="verifyeditOtherDetails" time="1.529"/>
  <system-out/>
  <testcase classname="com.PRMSTool.Tests.SalesLeadScreenTest" name="verifyeditFUPDate" time="4.668"/>
  <system-out/>
  <testcase classname="com.PRMSTool.Tests.SalesLeadScreenTest" name="verifyclickOnUpdateButton" time="0.089"/>
  <system-out/>
  <testcase classname="com.PRMSTool.Tests.SalesLeadScreenTest" name="verifydeleteSalesLead" time="15.764"/>
  <system-out/>
  <testcase classname="com.PRMSTool.Tests.SalesLeadScreenTest" name="verifyclickOnCloudUpload" time="0.125"/>
  <system-out/>
  <testcase classname="com.PRMSTool.Tests.SalesLeadScreenTest" name="verifydownloadFile" time="8.094"/>
  <system-out/>
  <testcase classname="com.PRMSTool.Tests.SalesLeadScreenTest" name="verifyclickOnBackButton" time="0.130"/>
  <system-out/>
  <testcase classname="com.PRMSTool.Tests.SalesLeadScreenTest" name="verifyuploadFile" time="19.069"/>
  <system-out/>
</testsuite> <!-- com.PRMSTool.Tests.SalesLeadScreenTest -->
