<?xml version="1.0" encoding="UTF-8"?>
<!-- Generated by org.testng.reporters.JUnitReportReporter -->
<testsuite hostname="DipaliV-lpt" failures="0" tests="16" name="com.PRMSTool.Tests.ResourceScreenTest" time="137.029" errors="0" timestamp="2021-08-11T18:00:21 IST" skipped="0">
  <testcase classname="com.PRMSTool.Tests.ResourceScreenTest" name="verifyLogin" time="17.857"/>
  <system-out/>
  <testcase classname="com.PRMSTool.Tests.ResourceScreenTest" name="verifyclickOnResource" time="5.083"/>
  <system-out/>
  <testcase classname="com.PRMSTool.Tests.ResourceScreenTest" name="verifyclickOnAddNew" time="5.308"/>
  <system-out/>
  <testcase classname="com.PRMSTool.Tests.ResourceScreenTest" name="verifyaddResourceDetails" time="9.464"/>
  <system-out/>
  <testcase classname="com.PRMSTool.Tests.ResourceScreenTest" name="verifyselectBirthDate" time="25.954"/>
  <system-out/>
  <testcase classname="com.PRMSTool.Tests.ResourceScreenTest" name="verifyselectJoiningDate" time="0.942"/>
  <system-out/>
  <testcase classname="com.PRMSTool.Tests.ResourceScreenTest" name="verifyclickOnAdd" time="5.118"/>
  <system-out/>
  <testcase classname="com.PRMSTool.Tests.ResourceScreenTest" name="verifydisplayAllStatusList" time="10.215"/>
  <system-out/>
  <testcase classname="com.PRMSTool.Tests.ResourceScreenTest" name="verifysearch" time="10.199"/>
  <system-out/>
  <testcase classname="com.PRMSTool.Tests.ResourceScreenTest" name="verifyclickOnEditButton" time="0.137"/>
  <system-out/>
  <testcase classname="com.PRMSTool.Tests.ResourceScreenTest" name="verifyeditResourceInformation" time="6.764"/>
  <system-out/>
  <testcase classname="com.PRMSTool.Tests.ResourceScreenTest" name="verifyclickOnUpdateButton" time="0.087"/>
  <system-out/>
  <testcase classname="com.PRMSTool.Tests.ResourceScreenTest" name="verifydelete" time="23.594"/>
  <system-out/>
  <testcase classname="com.PRMSTool.Tests.ResourceScreenTest" name="verifydownloadFile" time="5.149"/>
  <system-out/>
  <testcase classname="com.PRMSTool.Tests.ResourceScreenTest" name="verifydisplayInactiveStatusList" time="5.981"/>
  <system-out/>
  <testcase classname="com.PRMSTool.Tests.ResourceScreenTest" name="verifydisplayActiveStatusList" time="5.177"/>
  <system-out/>
</testsuite> <!-- com.PRMSTool.Tests.ResourceScreenTest -->
