<?xml version="1.0" encoding="UTF-8"?>
<!-- Generated by org.testng.reporters.JUnitReportReporter -->
<testsuite hostname="DipaliV-lpt" failures="0" tests="22" name="com.PRMSTool.Tests.ProjectResourceScreenTest" time="9.837" errors="0" timestamp="2021-03-18T13:07:49 IST" skipped="19">
  <testcase classname="com.PRMSTool.Tests.ProjectResourceScreenTest" name="verifyLogin" time="3.238"/>
  <system-out/>
  <testcase classname="com.PRMSTool.Tests.ProjectResourceScreenTest" name="verifyclickOnProjectResource" time="1.175"/>
  <system-out/>
  <testcase classname="com.PRMSTool.Tests.ProjectResourceScreenTest" name="verifyclickOnAddNew" time="5.424"/>
  <system-out/>
  <testcase classname="com.PRMSTool.Tests.ProjectResourceScreenTest" name="verifydelete">
    <skipped/>
  </testcase> <!-- verifydelete -->
  <system-out/>
  <testcase classname="com.PRMSTool.Tests.ProjectResourceScreenTest" name="verifyselectBusinessUnitRow">
    <skipped/>
  </testcase> <!-- verifyselectBusinessUnitRow -->
  <system-out/>
  <testcase classname="com.PRMSTool.Tests.ProjectResourceScreenTest" name="verifydisplayInactiveStatusList">
    <skipped/>
  </testcase> <!-- verifydisplayInactiveStatusList -->
  <system-out/>
  <testcase classname="com.PRMSTool.Tests.ProjectResourceScreenTest" name="verifydisplayActiveStatusList">
    <skipped/>
  </testcase> <!-- verifydisplayActiveStatusList -->
  <system-out/>
  <testcase classname="com.PRMSTool.Tests.ProjectResourceScreenTest" name="verifyselectBusinessUnitVResource">
    <skipped/>
  </testcase> <!-- verifyselectBusinessUnitVResource -->
  <system-out/>
  <testcase classname="com.PRMSTool.Tests.ProjectResourceScreenTest" name="verifydisplayAllStatusList">
    <skipped/>
  </testcase> <!-- verifydisplayAllStatusList -->
  <system-out/>
  <testcase classname="com.PRMSTool.Tests.ProjectResourceScreenTest" name="verifyclickOnEditButton">
    <skipped/>
  </testcase> <!-- verifyclickOnEditButton -->
  <system-out/>
  <testcase classname="com.PRMSTool.Tests.ProjectResourceScreenTest" name="verifysearch">
    <skipped/>
  </testcase> <!-- verifysearch -->
  <system-out/>
  <testcase classname="com.PRMSTool.Tests.ProjectResourceScreenTest" name="verifyselectBusinessUnitAll">
    <skipped/>
  </testcase> <!-- verifyselectBusinessUnitAll -->
  <system-out/>
  <testcase classname="com.PRMSTool.Tests.ProjectResourceScreenTest" name="verifyselectBusinessUnitPractices">
    <skipped/>
  </testcase> <!-- verifyselectBusinessUnitPractices -->
  <system-out/>
  <testcase classname="com.PRMSTool.Tests.ProjectResourceScreenTest" name="verifyaddProjectResourceDetails">
    <skipped/>
  </testcase> <!-- verifyaddProjectResourceDetails -->
  <system-out/>
  <testcase classname="com.PRMSTool.Tests.ProjectResourceScreenTest" name="verifyeditResourceInformation">
    <skipped/>
  </testcase> <!-- verifyeditResourceInformation -->
  <system-out/>
  <testcase classname="com.PRMSTool.Tests.ProjectResourceScreenTest" name="verifydownloadFile">
    <skipped/>
  </testcase> <!-- verifydownloadFile -->
  <system-out/>
  <testcase classname="com.PRMSTool.Tests.ProjectResourceScreenTest" name="verifyselectEndDate">
    <skipped/>
  </testcase> <!-- verifyselectEndDate -->
  <system-out/>
  <testcase classname="com.PRMSTool.Tests.ProjectResourceScreenTest" name="verifyclickOnAdd">
    <skipped/>
  </testcase> <!-- verifyclickOnAdd -->
  <system-out/>
  <testcase classname="com.PRMSTool.Tests.ProjectResourceScreenTest" name="verifyselectBusinessUnitOthers">
    <skipped/>
  </testcase> <!-- verifyselectBusinessUnitOthers -->
  <system-out/>
  <testcase classname="com.PRMSTool.Tests.ProjectResourceScreenTest" name="verifyclickOnUpdateButton">
    <skipped/>
  </testcase> <!-- verifyclickOnUpdateButton -->
  <system-out/>
  <testcase classname="com.PRMSTool.Tests.ProjectResourceScreenTest" name="verifyselectStartDate">
    <skipped/>
  </testcase> <!-- verifyselectStartDate -->
  <system-out/>
  <testcase classname="com.PRMSTool.Tests.ProjectResourceScreenTest" name="verifyselectBusinessUnitLicence">
    <skipped/>
  </testcase> <!-- verifyselectBusinessUnitLicence -->
  <system-out/>
</testsuite> <!-- com.PRMSTool.Tests.ProjectResourceScreenTest -->
