<?xml version="1.0" encoding="UTF-8"?>
<!-- Generated by org.testng.reporters.JUnitReportReporter -->
<testsuite hostname="DipaliV-lpt" failures="0" tests="13" name="com.PRMSTool.Tests.ClientScreenTest" time="92.410" errors="0" timestamp="2021-02-23T18:22:35 IST" skipped="10">
  <testcase classname="com.PRMSTool.Tests.ClientScreenTest" name="verifyLogin" time="10.465"/>
  <system-out/>
  <testcase classname="com.PRMSTool.Tests.ClientScreenTest" name="verifycheckSorting" time="75.951"/>
  <system-out/>
  <testcase classname="com.PRMSTool.Tests.ClientScreenTest" name="verifyeditClient" time="5.994"/>
  <system-out/>
  <testcase classname="com.PRMSTool.Tests.ClientScreenTest" name="verifyclickOnAdd">
    <skipped/>
  </testcase> <!-- verifyclickOnAdd -->
  <system-out/>
  <testcase classname="com.PRMSTool.Tests.ClientScreenTest" name="verifyclickOnAgreementDetails">
    <skipped/>
  </testcase> <!-- verifyclickOnAgreementDetails -->
  <system-out/>
  <testcase classname="com.PRMSTool.Tests.ClientScreenTest" name="verifydownloadFile">
    <skipped/>
  </testcase> <!-- verifydownloadFile -->
  <system-out/>
  <testcase classname="com.PRMSTool.Tests.ClientScreenTest" name="verifyaddStakeholderDetails">
    <skipped/>
  </testcase> <!-- verifyaddStakeholderDetails -->
  <system-out/>
  <testcase classname="com.PRMSTool.Tests.ClientScreenTest" name="verifyclickOnAddNew">
    <skipped/>
  </testcase> <!-- verifyclickOnAddNew -->
  <system-out/>
  <testcase classname="com.PRMSTool.Tests.ClientScreenTest" name="verifyaddAgreementDetails">
    <skipped/>
  </testcase> <!-- verifyaddAgreementDetails -->
  <system-out/>
  <testcase classname="com.PRMSTool.Tests.ClientScreenTest" name="verifyaddNewClientInformation">
    <skipped/>
  </testcase> <!-- verifyaddNewClientInformation -->
  <system-out/>
  <testcase classname="com.PRMSTool.Tests.ClientScreenTest" name="verifyselectApproxStartDate">
    <skipped/>
  </testcase> <!-- verifyselectApproxStartDate -->
  <system-out/>
  <testcase classname="com.PRMSTool.Tests.ClientScreenTest" name="verifyclickOnStakeholderDetails">
    <skipped/>
  </testcase> <!-- verifyclickOnStakeholderDetails -->
  <system-out/>
  <testcase classname="com.PRMSTool.Tests.ClientScreenTest" name="verifysearchClient">
    <skipped/>
  </testcase> <!-- verifysearchClient -->
  <system-out/>
</testsuite> <!-- com.PRMSTool.Tests.ClientScreenTest -->
