<?xml version="1.0" encoding="UTF-8"?>
<!-- Generated by org.testng.reporters.JUnitReportReporter -->
<testsuite hostname="DipaliV-lpt" failures="0" tests="16" name="com.PRMSTool.Tests.ResourceScreenTest" time="109.646" errors="0" timestamp="2021-07-26T14:49:56 IST" skipped="0">
  <testcase classname="com.PRMSTool.Tests.ResourceScreenTest" name="verifyLogin" time="9.356"/>
  <system-out/>
  <testcase classname="com.PRMSTool.Tests.ResourceScreenTest" name="verifyclickOnResource" time="5.041"/>
  <system-out/>
  <testcase classname="com.PRMSTool.Tests.ResourceScreenTest" name="verifyclickOnAddNew" time="5.215"/>
  <system-out/>
  <testcase classname="com.PRMSTool.Tests.ResourceScreenTest" name="verifyaddResourceDetails" time="7.793"/>
  <system-out/>
  <testcase classname="com.PRMSTool.Tests.ResourceScreenTest" name="verifyselectBirthDate" time="23.710"/>
  <system-out/>
  <testcase classname="com.PRMSTool.Tests.ResourceScreenTest" name="verifyselectJoiningDate" time="0.781"/>
  <system-out/>
  <testcase classname="com.PRMSTool.Tests.ResourceScreenTest" name="verifyclickOnAdd" time="0.090"/>
  <system-out/>
  <testcase classname="com.PRMSTool.Tests.ResourceScreenTest" name="verifysearch" time="11.125"/>
  <system-out/>
  <testcase classname="com.PRMSTool.Tests.ResourceScreenTest" name="verifyclickOnEditButton" time="0.117"/>
  <system-out/>
  <testcase classname="com.PRMSTool.Tests.ResourceScreenTest" name="verifyeditResourceInformation" time="6.251"/>
  <system-out/>
  <testcase classname="com.PRMSTool.Tests.ResourceScreenTest" name="verifyclickOnUpdateButton" time="0.070"/>
  <system-out/>
  <testcase classname="com.PRMSTool.Tests.ResourceScreenTest" name="verifydelete" time="14.389"/>
  <system-out/>
  <testcase classname="com.PRMSTool.Tests.ResourceScreenTest" name="verifydownloadFile" time="5.118"/>
  <system-out/>
  <testcase classname="com.PRMSTool.Tests.ResourceScreenTest" name="verifydisplayAllStatusList" time="10.223"/>
  <system-out/>
  <testcase classname="com.PRMSTool.Tests.ResourceScreenTest" name="verifydisplayInactiveStatusList" time="5.181"/>
  <system-out/>
  <testcase classname="com.PRMSTool.Tests.ResourceScreenTest" name="verifydisplayActiveStatusList" time="5.186"/>
  <system-out/>
</testsuite> <!-- com.PRMSTool.Tests.ResourceScreenTest -->
