<?xml version="1.0" encoding="UTF-8"?>
<!-- Generated by org.testng.reporters.JUnitReportReporter -->
<testsuite hostname="DipaliV-lpt" failures="0" tests="9" name="com.PRMSTool.Tests.ClientReviewTest" time="91.453" errors="0" timestamp="2021-07-22T11:00:15 IST" skipped="0">
  <testcase classname="com.PRMSTool.Tests.ClientReviewTest" name="verifyLogin" time="9.341"/>
  <system-out/>
  <testcase classname="com.PRMSTool.Tests.ClientReviewTest" name="verifyclickOnSalesLead" time="5.053"/>
  <system-out/>
  <testcase classname="com.PRMSTool.Tests.ClientReviewTest" name="verifyclickOnAddNew" time="5.491"/>
  <system-out/>
  <testcase classname="com.PRMSTool.Tests.ClientReviewTest" name="verifyaddNewClientReview" time="26.079"/>
  <system-out/>
  <testcase classname="com.PRMSTool.Tests.ClientReviewTest" name="verifysearch" time="10.186"/>
  <system-out/>
  <testcase classname="com.PRMSTool.Tests.ClientReviewTest" name="verifyclickOnEditButton" time="0.110"/>
  <system-out/>
  <testcase classname="com.PRMSTool.Tests.ClientReviewTest" name="verifyeditClientReview" time="25.984"/>
  <system-out/>
  <testcase classname="com.PRMSTool.Tests.ClientReviewTest" name="verifyclickOnUpdateButton" time="0.083"/>
  <system-out/>
  <testcase classname="com.PRMSTool.Tests.ClientReviewTest" name="verifydelete" time="9.126"/>
  <system-out/>
</testsuite> <!-- com.PRMSTool.Tests.ClientReviewTest -->
