<?xml version="1.0" encoding="UTF-8"?>
<!-- Generated by org.testng.reporters.JUnitReportReporter -->
<testsuite hostname="DipaliV-lpt" failures="0" tests="22" name="com.PRMSTool.Tests.ClientScreenTest" time="24.994" errors="0" timestamp="2021-03-11T15:28:23 IST" skipped="18">
  <testcase classname="com.PRMSTool.Tests.ClientScreenTest" name="verifyLogin" time="4.464"/>
  <system-out/>
  <testcase classname="com.PRMSTool.Tests.ClientScreenTest" name="verifydisplayAllStatusList" time="10.210"/>
  <system-out/>
  <testcase classname="com.PRMSTool.Tests.ClientScreenTest" name="verifydisplayInactiveStatusList" time="5.167"/>
  <system-out/>
  <testcase classname="com.PRMSTool.Tests.ClientScreenTest" name="verifydisplayActiveStatusList" time="5.153"/>
  <system-out/>
  <testcase classname="com.PRMSTool.Tests.ClientScreenTest" name="verifyclickOnAgreementDetails">
    <skipped/>
  </testcase> <!-- verifyclickOnAgreementDetails -->
  <system-out/>
  <testcase classname="com.PRMSTool.Tests.ClientScreenTest" name="verifyaddStakeholderDetails">
    <skipped/>
  </testcase> <!-- verifyaddStakeholderDetails -->
  <system-out/>
  <testcase classname="com.PRMSTool.Tests.ClientScreenTest" name="verifyeditAgreementDetails">
    <skipped/>
  </testcase> <!-- verifyeditAgreementDetails -->
  <system-out/>
  <testcase classname="com.PRMSTool.Tests.ClientScreenTest" name="verifydeleteClient">
    <skipped/>
  </testcase> <!-- verifydeleteClient -->
  <system-out/>
  <testcase classname="com.PRMSTool.Tests.ClientScreenTest" name="verifyaddAgreementDetails">
    <skipped/>
  </testcase> <!-- verifyaddAgreementDetails -->
  <system-out/>
  <testcase classname="com.PRMSTool.Tests.ClientScreenTest" name="verifyselectAgreementSignedDate">
    <skipped/>
  </testcase> <!-- verifyselectAgreementSignedDate -->
  <system-out/>
  <testcase classname="com.PRMSTool.Tests.ClientScreenTest" name="verifyclickOnStakeholderDetails">
    <skipped/>
  </testcase> <!-- verifyclickOnStakeholderDetails -->
  <system-out/>
  <testcase classname="com.PRMSTool.Tests.ClientScreenTest" name="verifyclickOnUpdateClient">
    <skipped/>
  </testcase> <!-- verifyclickOnUpdateClient -->
  <system-out/>
  <testcase classname="com.PRMSTool.Tests.ClientScreenTest" name="verifyeditStakeholder">
    <skipped/>
  </testcase> <!-- verifyeditStakeholder -->
  <system-out/>
  <testcase classname="com.PRMSTool.Tests.ClientScreenTest" name="verifyclickOnAdd">
    <skipped/>
  </testcase> <!-- verifyclickOnAdd -->
  <system-out/>
  <testcase classname="com.PRMSTool.Tests.ClientScreenTest" name="verifydownloadFile">
    <skipped/>
  </testcase> <!-- verifydownloadFile -->
  <system-out/>
  <testcase classname="com.PRMSTool.Tests.ClientScreenTest" name="verifycheckSorting">
    <skipped/>
  </testcase> <!-- verifycheckSorting -->
  <system-out/>
  <testcase classname="com.PRMSTool.Tests.ClientScreenTest" name="verifyclickOnAddNew">
    <skipped/>
  </testcase> <!-- verifyclickOnAddNew -->
  <system-out/>
  <testcase classname="com.PRMSTool.Tests.ClientScreenTest" name="verifyeditClientInformation">
    <skipped/>
  </testcase> <!-- verifyeditClientInformation -->
  <system-out/>
  <testcase classname="com.PRMSTool.Tests.ClientScreenTest" name="verifyaddNewClientInformation">
    <skipped/>
  </testcase> <!-- verifyaddNewClientInformation -->
  <system-out/>
  <testcase classname="com.PRMSTool.Tests.ClientScreenTest" name="verifyselectApproxStartDate">
    <skipped/>
  </testcase> <!-- verifyselectApproxStartDate -->
  <system-out/>
  <testcase classname="com.PRMSTool.Tests.ClientScreenTest" name="verifysearchClient">
    <skipped/>
  </testcase> <!-- verifysearchClient -->
  <system-out/>
  <testcase classname="com.PRMSTool.Tests.ClientScreenTest" name="verifyeditClient">
    <skipped/>
  </testcase> <!-- verifyeditClient -->
  <system-out/>
</testsuite> <!-- com.PRMSTool.Tests.ClientScreenTest -->
