<?xml version="1.0" encoding="UTF-8"?>
<!-- Generated by org.testng.reporters.JUnitReportReporter -->
<testsuite hostname="DipaliV-lpt" failures="0" tests="16" name="com.PRMSTool.Tests.ResourceScreenTest" time="127.986" errors="0" timestamp="2021-10-28T16:13:29 IST" skipped="0">
  <testcase classname="com.PRMSTool.Tests.ResourceScreenTest" name="verifyLogin" time="12.418"/>
  <system-out/>
  <testcase classname="com.PRMSTool.Tests.ResourceScreenTest" name="verifyclickOnResource" time="6.967"/>
  <system-out/>
  <testcase classname="com.PRMSTool.Tests.ResourceScreenTest" name="verifyclickOnAddNew" time="5.314"/>
  <system-out/>
  <testcase classname="com.PRMSTool.Tests.ResourceScreenTest" name="verifyaddResourceDetails" time="8.198"/>
  <system-out/>
  <testcase classname="com.PRMSTool.Tests.ResourceScreenTest" name="verifyselectBirthDate" time="23.222"/>
  <system-out/>
  <testcase classname="com.PRMSTool.Tests.ResourceScreenTest" name="verifyselectJoiningDate" time="2.750"/>
  <system-out/>
  <testcase classname="com.PRMSTool.Tests.ResourceScreenTest" name="verifyclickOnAdd" time="5.284"/>
  <system-out/>
  <testcase classname="com.PRMSTool.Tests.ResourceScreenTest" name="verifydisplayAllStatusList" time="8.182"/>
  <system-out/>
  <testcase classname="com.PRMSTool.Tests.ResourceScreenTest" name="verifysearch" time="10.196"/>
  <system-out/>
  <testcase classname="com.PRMSTool.Tests.ResourceScreenTest" name="verifyclickOnEditButton" time="0.128"/>
  <system-out/>
  <testcase classname="com.PRMSTool.Tests.ResourceScreenTest" name="verifyeditResourceInformation" time="7.445"/>
  <system-out/>
  <testcase classname="com.PRMSTool.Tests.ResourceScreenTest" name="verifyclickOnUpdateButton" time="0.080"/>
  <system-out/>
  <testcase classname="com.PRMSTool.Tests.ResourceScreenTest" name="verifydelete" time="21.545"/>
  <system-out/>
  <testcase classname="com.PRMSTool.Tests.ResourceScreenTest" name="verifydownloadFile" time="5.105"/>
  <system-out/>
  <testcase classname="com.PRMSTool.Tests.ResourceScreenTest" name="verifydisplayInactiveStatusList" time="5.977"/>
  <system-out/>
  <testcase classname="com.PRMSTool.Tests.ResourceScreenTest" name="verifydisplayActiveStatusList" time="5.175"/>
  <system-out/>
</testsuite> <!-- com.PRMSTool.Tests.ResourceScreenTest -->
