<?xml version="1.0" encoding="UTF-8"?>
<!-- Generated by org.testng.reporters.JUnitReportReporter -->
<testsuite hostname="DipaliV-lpt" failures="0" tests="22" name="com.PRMSTool.Tests.ProjectResourceScreenTest" time="190.666" errors="0" timestamp="2021-08-02T14:10:14 IST" skipped="0">
  <testcase classname="com.PRMSTool.Tests.ProjectResourceScreenTest" name="verifyLogin" time="11.715"/>
  <system-out/>
  <testcase classname="com.PRMSTool.Tests.ProjectResourceScreenTest" name="verifyclickOnProjectResource" time="5.042"/>
  <system-out/>
  <testcase classname="com.PRMSTool.Tests.ProjectResourceScreenTest" name="verifyclickOnAddNew" time="5.674"/>
  <system-out/>
  <testcase classname="com.PRMSTool.Tests.ProjectResourceScreenTest" name="verifyaddProjectResourceDetails" time="29.961"/>
  <system-out/>
  <testcase classname="com.PRMSTool.Tests.ProjectResourceScreenTest" name="verifyselectStartDate" time="2.729"/>
  <system-out/>
  <testcase classname="com.PRMSTool.Tests.ProjectResourceScreenTest" name="verifyselectEndDate" time="2.726"/>
  <system-out/>
  <testcase classname="com.PRMSTool.Tests.ProjectResourceScreenTest" name="verifyclickOnAdd" time="5.089"/>
  <system-out/>
  <testcase classname="com.PRMSTool.Tests.ProjectResourceScreenTest" name="verifysearch" time="21.398"/>
  <system-out/>
  <testcase classname="com.PRMSTool.Tests.ProjectResourceScreenTest" name="verifyclickOnEditButton" time="0.119"/>
  <system-out/>
  <testcase classname="com.PRMSTool.Tests.ProjectResourceScreenTest" name="verifyeditResourceInformation" time="31.322"/>
  <system-out/>
  <testcase classname="com.PRMSTool.Tests.ProjectResourceScreenTest" name="verifyclickOnUpdateButton" time="0.081"/>
  <system-out/>
  <testcase classname="com.PRMSTool.Tests.ProjectResourceScreenTest" name="verifydelete" time="17.949"/>
  <system-out/>
  <testcase classname="com.PRMSTool.Tests.ProjectResourceScreenTest" name="verifydownloadFile" time="5.113"/>
  <system-out/>
  <testcase classname="com.PRMSTool.Tests.ProjectResourceScreenTest" name="verifydisplayAllStatusList" time="10.199"/>
  <system-out/>
  <testcase classname="com.PRMSTool.Tests.ProjectResourceScreenTest" name="verifydisplayInactiveStatusList" time="5.172"/>
  <system-out/>
  <testcase classname="com.PRMSTool.Tests.ProjectResourceScreenTest" name="verifydisplayActiveStatusList" time="5.176"/>
  <system-out/>
  <testcase classname="com.PRMSTool.Tests.ProjectResourceScreenTest" name="verifydisplayvResourcingBusinessUnit" time="5.233"/>
  <system-out/>
  <testcase classname="com.PRMSTool.Tests.ProjectResourceScreenTest" name="verifydisplayROWBusinessUnit" time="5.176"/>
  <system-out/>
  <testcase classname="com.PRMSTool.Tests.ProjectResourceScreenTest" name="verifydisplayLicenceBusinessUnit" time="5.179"/>
  <system-out/>
  <testcase classname="com.PRMSTool.Tests.ProjectResourceScreenTest" name="verifydisplayPracticesBusinessUnit" time="5.179"/>
  <system-out/>
  <testcase classname="com.PRMSTool.Tests.ProjectResourceScreenTest" name="verifydisplaySafeGuardBusinessUnit" time="5.238"/>
  <system-out/>
  <testcase classname="com.PRMSTool.Tests.ProjectResourceScreenTest" name="verifydisplayAllBusinessUnit" time="5.196"/>
  <system-out/>
</testsuite> <!-- com.PRMSTool.Tests.ProjectResourceScreenTest -->
