<?xml version="1.0" encoding="UTF-8"?>
<!-- Generated by org.testng.reporters.JUnitReportReporter -->
<testsuite hostname="DipaliV-lpt" failures="0" tests="2" name="com.PRMSTool.Tests.LoginTest" time="50.660" errors="0" timestamp="2021-11-15T17:51:44 IST" skipped="1">
  <testcase classname="com.PRMSTool.Tests.LoginTest" name="login1" time="50.660"/>
  <system-out/>
  <testcase classname="com.PRMSTool.Tests.LoginTest" name="verifyLogin">
    <skipped/>
  </testcase> <!-- verifyLogin -->
  <system-out/>
</testsuite> <!-- com.PRMSTool.Tests.LoginTest -->
