<?xml version="1.0" encoding="UTF-8"?>
<!-- Generated by org.testng.reporters.JUnitReportReporter -->
<testsuite hostname="DipaliV-lpt" failures="0" tests="26" name="com.PRMSTool.Tests.ProjectScreenTest" time="77.544" errors="0" timestamp="2021-04-22T17:26:43 IST" skipped="14">
  <testcase classname="com.PRMSTool.Tests.ProjectScreenTest" name="verifyLogin" time="12.063"/>
  <system-out/>
  <testcase classname="com.PRMSTool.Tests.ProjectScreenTest" name="verifyclickOnProject" time="5.101"/>
  <system-out/>
  <testcase classname="com.PRMSTool.Tests.ProjectScreenTest" name="verifydownloadFile" time="5.340"/>
  <system-out/>
  <testcase classname="com.PRMSTool.Tests.ProjectScreenTest" name="verifydisplayAllStatusList" time="10.649"/>
  <system-out/>
  <testcase classname="com.PRMSTool.Tests.ProjectScreenTest" name="verifydisplayInactiveStatusList" time="5.659"/>
  <system-out/>
  <testcase classname="com.PRMSTool.Tests.ProjectScreenTest" name="verifydisplayActiveStatusList" time="5.556"/>
  <system-out/>
  <testcase classname="com.PRMSTool.Tests.ProjectScreenTest" name="verifydisplayvResourcingBusinessUnit" time="5.690"/>
  <system-out/>
  <testcase classname="com.PRMSTool.Tests.ProjectScreenTest" name="verifydisplayROWBusinessUnit" time="5.522"/>
  <system-out/>
  <testcase classname="com.PRMSTool.Tests.ProjectScreenTest" name="verifydisplayLicenceBusinessUnit" time="5.422"/>
  <system-out/>
  <testcase classname="com.PRMSTool.Tests.ProjectScreenTest" name="verifydisplayPracticesBusinessUnit" time="5.625"/>
  <system-out/>
  <testcase classname="com.PRMSTool.Tests.ProjectScreenTest" name="verifydisplaySafeGuardBusinessUnit" time="5.526"/>
  <system-out/>
  <testcase classname="com.PRMSTool.Tests.ProjectScreenTest" name="verifydisplayAllBusinessUnit" time="5.391"/>
  <system-out/>
  <testcase classname="com.PRMSTool.Tests.ProjectScreenTest" name="verifyclickOnAdd">
    <skipped/>
  </testcase> <!-- verifyclickOnAdd -->
  <system-out/>
  <testcase classname="com.PRMSTool.Tests.ProjectScreenTest" name="verifyaddProjectDetails1">
    <skipped/>
  </testcase> <!-- verifyaddProjectDetails1 -->
  <system-out/>
  <testcase classname="com.PRMSTool.Tests.ProjectScreenTest" name="verifyselectEndDate">
    <skipped/>
  </testcase> <!-- verifyselectEndDate -->
  <system-out/>
  <testcase classname="com.PRMSTool.Tests.ProjectScreenTest" name="verifyclickOnAddNew">
    <skipped/>
  </testcase> <!-- verifyclickOnAddNew -->
  <system-out/>
  <testcase classname="com.PRMSTool.Tests.ProjectScreenTest" name="verifyselectStartDate">
    <skipped/>
  </testcase> <!-- verifyselectStartDate -->
  <system-out/>
  <testcase classname="com.PRMSTool.Tests.ProjectScreenTest" name="verifyclickOnUpdateButton">
    <skipped/>
  </testcase> <!-- verifyclickOnUpdateButton -->
  <system-out/>
  <testcase classname="com.PRMSTool.Tests.ProjectScreenTest" name="verifyaddBillingDetails">
    <skipped/>
  </testcase> <!-- verifyaddBillingDetails -->
  <system-out/>
  <testcase classname="com.PRMSTool.Tests.ProjectScreenTest" name="verifyclickOnEditButton">
    <skipped/>
  </testcase> <!-- verifyclickOnEditButton -->
  <system-out/>
  <testcase classname="com.PRMSTool.Tests.ProjectScreenTest" name="verifysearch">
    <skipped/>
  </testcase> <!-- verifysearch -->
  <system-out/>
  <testcase classname="com.PRMSTool.Tests.ProjectScreenTest" name="verifyselectActualEndDate">
    <skipped/>
  </testcase> <!-- verifyselectActualEndDate -->
  <system-out/>
  <testcase classname="com.PRMSTool.Tests.ProjectScreenTest" name="verifyeditProjectInformation">
    <skipped/>
  </testcase> <!-- verifyeditProjectInformation -->
  <system-out/>
  <testcase classname="com.PRMSTool.Tests.ProjectScreenTest" name="verifyselectActualStartDate">
    <skipped/>
  </testcase> <!-- verifyselectActualStartDate -->
  <system-out/>
  <testcase classname="com.PRMSTool.Tests.ProjectScreenTest" name="verifyaddProjectDetails">
    <skipped/>
  </testcase> <!-- verifyaddProjectDetails -->
  <system-out/>
  <testcase classname="com.PRMSTool.Tests.ProjectScreenTest" name="verifydelete">
    <skipped/>
  </testcase> <!-- verifydelete -->
  <system-out/>
</testsuite> <!-- com.PRMSTool.Tests.ProjectScreenTest -->
