<?xml version="1.0" encoding="UTF-8"?>
<!-- Generated by org.testng.reporters.JUnitReportReporter -->
<testsuite hostname="DipaliV-lpt" failures="0" tests="22" name="com.PRMSTool.Tests.ProjectResourceScreenTest" time="172.029" errors="0" timestamp="2021-05-18T18:32:18 IST" skipped="0">
  <testcase classname="com.PRMSTool.Tests.ProjectResourceScreenTest" name="verifyLogin" time="9.871"/>
  <system-out/>
  <testcase classname="com.PRMSTool.Tests.ProjectResourceScreenTest" name="verifyclickOnProjectResource" time="5.072"/>
  <system-out/>
  <testcase classname="com.PRMSTool.Tests.ProjectResourceScreenTest" name="verifyclickOnAddNew" time="5.494"/>
  <system-out/>
  <testcase classname="com.PRMSTool.Tests.ProjectResourceScreenTest" name="verifyaddProjectResourceDetails" time="30.187"/>
  <system-out/>
  <testcase classname="com.PRMSTool.Tests.ProjectResourceScreenTest" name="verifyselectStartDate" time="2.755"/>
  <system-out/>
  <testcase classname="com.PRMSTool.Tests.ProjectResourceScreenTest" name="verifyselectEndDate" time="2.776"/>
  <system-out/>
  <testcase classname="com.PRMSTool.Tests.ProjectResourceScreenTest" name="verifyclickOnAdd" time="0.087"/>
  <system-out/>
  <testcase classname="com.PRMSTool.Tests.ProjectResourceScreenTest" name="verifysearch" time="15.204"/>
  <system-out/>
  <testcase classname="com.PRMSTool.Tests.ProjectResourceScreenTest" name="verifyclickOnEditButton" time="0.112"/>
  <system-out/>
  <testcase classname="com.PRMSTool.Tests.ProjectResourceScreenTest" name="verifyeditResourceInformation" time="36.773"/>
  <system-out/>
  <testcase classname="com.PRMSTool.Tests.ProjectResourceScreenTest" name="verifyclickOnUpdateButton" time="0.078"/>
  <system-out/>
  <testcase classname="com.PRMSTool.Tests.ProjectResourceScreenTest" name="verifydelete" time="6.752"/>
  <system-out/>
  <testcase classname="com.PRMSTool.Tests.ProjectResourceScreenTest" name="verifydownloadFile" time="5.120"/>
  <system-out/>
  <testcase classname="com.PRMSTool.Tests.ProjectResourceScreenTest" name="verifydisplayAllStatusList" time="10.191"/>
  <system-out/>
  <testcase classname="com.PRMSTool.Tests.ProjectResourceScreenTest" name="verifydisplayInactiveStatusList" time="5.175"/>
  <system-out/>
  <testcase classname="com.PRMSTool.Tests.ProjectResourceScreenTest" name="verifydisplayActiveStatusList" time="5.174"/>
  <system-out/>
  <testcase classname="com.PRMSTool.Tests.ProjectResourceScreenTest" name="verifydisplayvResourcingBusinessUnit" time="5.205"/>
  <system-out/>
  <testcase classname="com.PRMSTool.Tests.ProjectResourceScreenTest" name="verifydisplayROWBusinessUnit" time="5.224"/>
  <system-out/>
  <testcase classname="com.PRMSTool.Tests.ProjectResourceScreenTest" name="verifydisplayLicenceBusinessUnit" time="5.201"/>
  <system-out/>
  <testcase classname="com.PRMSTool.Tests.ProjectResourceScreenTest" name="verifydisplayPracticesBusinessUnit" time="5.208"/>
  <system-out/>
  <testcase classname="com.PRMSTool.Tests.ProjectResourceScreenTest" name="verifydisplaySafeGuardBusinessUnit" time="5.193"/>
  <system-out/>
  <testcase classname="com.PRMSTool.Tests.ProjectResourceScreenTest" name="verifydisplayAllBusinessUnit" time="5.177"/>
  <system-out/>
</testsuite> <!-- com.PRMSTool.Tests.ProjectResourceScreenTest -->
