<?xml version="1.0" encoding="UTF-8"?>
<!-- Generated by org.testng.reporters.JUnitReportReporter -->
<testsuite hostname="DipaliV-lpt" failures="0" tests="19" name="com.PRMSTool.Tests.ClientScreenTest" time="121.230" errors="0" timestamp="2021-03-10T13:08:04 IST" skipped="1">
  <testcase classname="com.PRMSTool.Tests.ClientScreenTest" name="verifyLogin" time="5.089"/>
  <system-out/>
  <testcase classname="com.PRMSTool.Tests.ClientScreenTest" name="verifyclickOnAddNew" time="8.096"/>
  <system-out/>
  <testcase classname="com.PRMSTool.Tests.ClientScreenTest" name="verifyaddNewClientInformation" time="8.204"/>
  <system-out/>
  <testcase classname="com.PRMSTool.Tests.ClientScreenTest" name="verifyclickOnAgreementDetails" time="0.379"/>
  <system-out/>
  <testcase classname="com.PRMSTool.Tests.ClientScreenTest" name="verifyselectAgreementSignedDate" time="9.735"/>
  <system-out/>
  <testcase classname="com.PRMSTool.Tests.ClientScreenTest" name="verifyselectApproxStartDate" time="9.366"/>
  <system-out/>
  <testcase classname="com.PRMSTool.Tests.ClientScreenTest" name="verifyaddAgreementDetails" time="2.638"/>
  <system-out/>
  <testcase classname="com.PRMSTool.Tests.ClientScreenTest" name="verifyclickOnStakeholderDetails" time="0.264"/>
  <system-out/>
  <testcase classname="com.PRMSTool.Tests.ClientScreenTest" name="verifyaddStakeholderDetails" time="6.781"/>
  <system-out/>
  <testcase classname="com.PRMSTool.Tests.ClientScreenTest" name="verifyclickOnAdd" time="0.212"/>
  <system-out/>
  <testcase classname="com.PRMSTool.Tests.ClientScreenTest" name="verifysearchClient" time="21.671"/>
  <system-out/>
  <testcase classname="com.PRMSTool.Tests.ClientScreenTest" name="verifyeditClient" time="0.684"/>
  <system-out/>
  <testcase classname="com.PRMSTool.Tests.ClientScreenTest" name="verifyeditClientInformation" time="9.606"/>
  <system-out/>
  <testcase classname="com.PRMSTool.Tests.ClientScreenTest" name="verifyeditAgreementDetails" time="8.361"/>
  <system-out/>
  <testcase classname="com.PRMSTool.Tests.ClientScreenTest" name="verifyeditStakeholder" time="7.437"/>
  <system-out/>
  <testcase classname="com.PRMSTool.Tests.ClientScreenTest" name="verifyclickOnUpdateClient" time="0.204"/>
  <system-out/>
  <testcase classname="com.PRMSTool.Tests.ClientScreenTest" name="verifydeleteClient" time="14.084"/>
  <system-out/>
  <testcase classname="com.PRMSTool.Tests.ClientScreenTest" name="verifydownloadFile" time="8.419"/>
  <system-out/>
  <testcase classname="com.PRMSTool.Tests.ClientScreenTest" name="verifycheckSorting">
    <skipped/>
  </testcase> <!-- verifycheckSorting -->
  <system-out/>
</testsuite> <!-- com.PRMSTool.Tests.ClientScreenTest -->
