<?xml version="1.0" encoding="UTF-8"?>
<!-- Generated by org.testng.reporters.JUnitReportReporter -->
<testsuite hostname="DipaliV-lpt" failures="0" tests="17" name="com.PRMSTool.Tests.ProjectScreenTest" time="119.087" errors="0" timestamp="2021-03-09T17:40:34 IST" skipped="0">
  <testcase classname="com.PRMSTool.Tests.ProjectScreenTest" name="verifyLogin" time="4.614"/>
  <system-out/>
  <testcase classname="com.PRMSTool.Tests.ProjectScreenTest" name="verifyclickOnProject" time="1.348"/>
  <system-out/>
  <testcase classname="com.PRMSTool.Tests.ProjectScreenTest" name="verifyclickOnAddNew" time="5.640"/>
  <system-out/>
  <testcase classname="com.PRMSTool.Tests.ProjectScreenTest" name="verifyaddProjectDetails" time="11.813"/>
  <system-out/>
  <testcase classname="com.PRMSTool.Tests.ProjectScreenTest" name="verifyselectStartDate" time="3.956"/>
  <system-out/>
  <testcase classname="com.PRMSTool.Tests.ProjectScreenTest" name="verifyselectEndDate" time="4.108"/>
  <system-out/>
  <testcase classname="com.PRMSTool.Tests.ProjectScreenTest" name="verifyselectActualStartDate" time="3.847"/>
  <system-out/>
  <testcase classname="com.PRMSTool.Tests.ProjectScreenTest" name="verifyselectActualEndDate" time="4.033"/>
  <system-out/>
  <testcase classname="com.PRMSTool.Tests.ProjectScreenTest" name="verifyaddProjectDetails1" time="25.168"/>
  <system-out/>
  <testcase classname="com.PRMSTool.Tests.ProjectScreenTest" name="verifyaddBillingDetails" time="10.168"/>
  <system-out/>
  <testcase classname="com.PRMSTool.Tests.ProjectScreenTest" name="verifyclickOnAdd" time="0.288"/>
  <system-out/>
  <testcase classname="com.PRMSTool.Tests.ProjectScreenTest" name="verifysearch" time="11.990"/>
  <system-out/>
  <testcase classname="com.PRMSTool.Tests.ProjectScreenTest" name="verifyclickOnEditButton" time="0.589"/>
  <system-out/>
  <testcase classname="com.PRMSTool.Tests.ProjectScreenTest" name="verifyeditProjectInformation" time="12.321"/>
  <system-out/>
  <testcase classname="com.PRMSTool.Tests.ProjectScreenTest" name="verifyclickOnUpdateButton" time="0.208"/>
  <system-out/>
  <testcase classname="com.PRMSTool.Tests.ProjectScreenTest" name="verifydelete" time="10.600"/>
  <system-out/>
  <testcase classname="com.PRMSTool.Tests.ProjectScreenTest" name="verifydownloadFile" time="8.396"/>
  <system-out/>
</testsuite> <!-- com.PRMSTool.Tests.ProjectScreenTest -->
