<?xml version="1.0" encoding="UTF-8"?>
<!-- Generated by org.testng.reporters.JUnitReportReporter -->
<testsuite hostname="DipaliV-lpt" failures="0" tests="1" name="com.InternalTool.Tests.LoginTest" time="8.847" errors="0" timestamp="2021-02-03T13:05:37 IST" skipped="0">
  <testcase classname="com.InternalTool.Tests.LoginTest" name="LoginGrade1" time="8.847"/>
  <system-out/>
</testsuite> <!-- com.InternalTool.Tests.LoginTest -->
