<?xml version="1.0" encoding="UTF-8"?>
<!-- Generated by org.testng.reporters.JUnitReportReporter -->
<testsuite hostname="DipaliV-lpt" failures="0" tests="25" name="com.PRMSTool.Tests.SalesLeadScreenTest" time="118.307" errors="0" timestamp="2021-08-05T16:12:41 IST" skipped="0">
  <testcase classname="com.PRMSTool.Tests.SalesLeadScreenTest" name="verifyLogin" time="9.480"/>
  <system-out/>
  <testcase classname="com.PRMSTool.Tests.SalesLeadScreenTest" name="verifyclickOnSalesLead" time="5.109"/>
  <system-out/>
  <testcase classname="com.PRMSTool.Tests.SalesLeadScreenTest" name="verifyclickOnAddNew" time="5.796"/>
  <system-out/>
  <testcase classname="com.PRMSTool.Tests.SalesLeadScreenTest" name="verifyaddSalesLeadInformation" time="2.919"/>
  <system-out/>
  <testcase classname="com.PRMSTool.Tests.SalesLeadScreenTest" name="verifyselectLastUpdatedDate" time="5.726"/>
  <system-out/>
  <testcase classname="com.PRMSTool.Tests.SalesLeadScreenTest" name="verifyclickOnCompanyDetails" time="0.148"/>
  <system-out/>
  <testcase classname="com.PRMSTool.Tests.SalesLeadScreenTest" name="verifyaddCompanyDetails" time="2.063"/>
  <system-out/>
  <testcase classname="com.PRMSTool.Tests.SalesLeadScreenTest" name="verifyclickOnOtherDetails" time="0.112"/>
  <system-out/>
  <testcase classname="com.PRMSTool.Tests.SalesLeadScreenTest" name="verifyaddOtherDetails" time="1.476"/>
  <system-out/>
  <testcase classname="com.PRMSTool.Tests.SalesLeadScreenTest" name="verifyselectFUPDate" time="5.763"/>
  <system-out/>
  <testcase classname="com.PRMSTool.Tests.SalesLeadScreenTest" name="verifyselectCalledDate" time="5.745"/>
  <system-out/>
  <testcase classname="com.PRMSTool.Tests.SalesLeadScreenTest" name="verifyclickOnAdd" time="5.099"/>
  <system-out/>
  <testcase classname="com.PRMSTool.Tests.SalesLeadScreenTest" name="verifysearch" time="10.205"/>
  <system-out/>
  <testcase classname="com.PRMSTool.Tests.SalesLeadScreenTest" name="verifyclickOnEditButton" time="0.156"/>
  <system-out/>
  <testcase classname="com.PRMSTool.Tests.SalesLeadScreenTest" name="verifyeditSalesLeadInformation" time="2.758"/>
  <system-out/>
  <testcase classname="com.PRMSTool.Tests.SalesLeadScreenTest" name="verifyeditLastUpdatedDate" time="5.780"/>
  <system-out/>
  <testcase classname="com.PRMSTool.Tests.SalesLeadScreenTest" name="verifyeditCompanyDetails" time="2.136"/>
  <system-out/>
  <testcase classname="com.PRMSTool.Tests.SalesLeadScreenTest" name="verifyeditOtherDetails" time="1.482"/>
  <system-out/>
  <testcase classname="com.PRMSTool.Tests.SalesLeadScreenTest" name="verifyeditFUPDate" time="4.639"/>
  <system-out/>
  <testcase classname="com.PRMSTool.Tests.SalesLeadScreenTest" name="verifyclickOnUpdateButton" time="0.065"/>
  <system-out/>
  <testcase classname="com.PRMSTool.Tests.SalesLeadScreenTest" name="verifydeleteSalesLead" time="14.388"/>
  <system-out/>
  <testcase classname="com.PRMSTool.Tests.SalesLeadScreenTest" name="verifyclickOnCloudUpload" time="0.127"/>
  <system-out/>
  <testcase classname="com.PRMSTool.Tests.SalesLeadScreenTest" name="verifydownloadFile" time="8.099"/>
  <system-out/>
  <testcase classname="com.PRMSTool.Tests.SalesLeadScreenTest" name="verifyclickOnBackButton" time="0.121"/>
  <system-out/>
  <testcase classname="com.PRMSTool.Tests.SalesLeadScreenTest" name="verifyuploadFile" time="18.915"/>
  <system-out/>
</testsuite> <!-- com.PRMSTool.Tests.SalesLeadScreenTest -->
