<?xml version="1.0" encoding="UTF-8"?>
<!-- Generated by org.testng.reporters.JUnitReportReporter -->
<testsuite hostname="DipaliV-lpt" failures="0" tests="27" name="com.PRMSTool.Tests.ClientScreenTest" time="159.441" errors="0" timestamp="2021-07-08T19:28:35 IST" skipped="0">
  <testcase classname="com.PRMSTool.Tests.ClientScreenTest" name="verifyLogin" time="10.019"/>
  <system-out/>
  <testcase classname="com.PRMSTool.Tests.ClientScreenTest" name="verifyclickOnAddNew" time="9.566"/>
  <system-out/>
  <testcase classname="com.PRMSTool.Tests.ClientScreenTest" name="verifyaddNewClientInformation" time="6.143"/>
  <system-out/>
  <testcase classname="com.PRMSTool.Tests.ClientScreenTest" name="verifyclickOnAgreementDetails" time="0.129"/>
  <system-out/>
  <testcase classname="com.PRMSTool.Tests.ClientScreenTest" name="verifyselectAgreementSignedDate" time="8.244"/>
  <system-out/>
  <testcase classname="com.PRMSTool.Tests.ClientScreenTest" name="verifyselectApproxStartDate" time="7.734"/>
  <system-out/>
  <testcase classname="com.PRMSTool.Tests.ClientScreenTest" name="verifyaddAgreementDetails" time="1.042"/>
  <system-out/>
  <testcase classname="com.PRMSTool.Tests.ClientScreenTest" name="verifyclickOnStakeholderDetails" time="0.139"/>
  <system-out/>
  <testcase classname="com.PRMSTool.Tests.ClientScreenTest" name="verifyaddStakeholderDetails" time="5.773"/>
  <system-out/>
  <testcase classname="com.PRMSTool.Tests.ClientScreenTest" name="verifyclickOnAdd" time="0.097"/>
  <system-out/>
  <testcase classname="com.PRMSTool.Tests.ClientScreenTest" name="verifysearchClient" time="14.524"/>
  <system-out/>
  <testcase classname="com.PRMSTool.Tests.ClientScreenTest" name="verifyeditClient" time="0.167"/>
  <system-out/>
  <testcase classname="com.PRMSTool.Tests.ClientScreenTest" name="verifyeditClientInformation" time="9.373"/>
  <system-out/>
  <testcase classname="com.PRMSTool.Tests.ClientScreenTest" name="verifyeditAgreementDetails" time="6.338"/>
  <system-out/>
  <testcase classname="com.PRMSTool.Tests.ClientScreenTest" name="verifyeditStakeholder" time="5.923"/>
  <system-out/>
  <testcase classname="com.PRMSTool.Tests.ClientScreenTest" name="verifyclickOnUpdateClient" time="0.093"/>
  <system-out/>
  <testcase classname="com.PRMSTool.Tests.ClientScreenTest" name="verifydeleteClient" time="17.218"/>
  <system-out/>
  <testcase classname="com.PRMSTool.Tests.ClientScreenTest" name="verifydownloadFile" time="5.126"/>
  <system-out/>
  <testcase classname="com.PRMSTool.Tests.ClientScreenTest" name="verifydisplayAllStatusList" time="10.210"/>
  <system-out/>
  <testcase classname="com.PRMSTool.Tests.ClientScreenTest" name="verifydisplayInactiveStatusList" time="5.169"/>
  <system-out/>
  <testcase classname="com.PRMSTool.Tests.ClientScreenTest" name="verifydisplayActiveStatusList" time="5.182"/>
  <system-out/>
  <testcase classname="com.PRMSTool.Tests.ClientScreenTest" name="verifydisplayvResourcingBusinessUnit" time="5.281"/>
  <system-out/>
  <testcase classname="com.PRMSTool.Tests.ClientScreenTest" name="verifydisplayROWBusinessUnit" time="5.186"/>
  <system-out/>
  <testcase classname="com.PRMSTool.Tests.ClientScreenTest" name="verifydisplayLicenceBusinessUnit" time="5.199"/>
  <system-out/>
  <testcase classname="com.PRMSTool.Tests.ClientScreenTest" name="verifydisplayPracticesBusinessUnit" time="5.194"/>
  <system-out/>
  <testcase classname="com.PRMSTool.Tests.ClientScreenTest" name="verifydisplaySafeGuardBusinessUnit" time="5.198"/>
  <system-out/>
  <testcase classname="com.PRMSTool.Tests.ClientScreenTest" name="verifydisplayAllBusinessUnit" time="5.174"/>
  <system-out/>
</testsuite> <!-- com.PRMSTool.Tests.ClientScreenTest -->
